            "_raw": "08/28/2016 22:02:18 PM\nLogName=Security\nSourceName=Microsoft Windows security auditing.\nEventCode=4624\nEventType=0\nType=Information\nComputerName=we4664srv.waynecorpinc.local\nTaskCategory=Logon\nOpCode=Info\nRecordNumber=40999\nKeywords=Audit Success\nMessage=An account was successfully logged on.\n\nSubject:\n\tSecurity ID:\t\tNULL SID\n\tAccount Name:\t\t-\n\tAccount Domain:\t\t-\n\tLogon ID:\t\t0x0\n\nLogon Type:\t\t\t3\n\nImpersonation Level:\t\tImpersonation\n\nNew Logon:\n\tSecurity ID:\t\tNT AUTHORITY\\SYSTEM\n\tAccount Name:\t\twe4664srv$\n\tAccount Domain:\t\tWAYNECORPINC\n\tLogon ID:\t\t0x1966685\n\tLogon GUID:\t\t{E070CA61-40F8-8FD4-3235-15A94E6DF787}\n\nProcess Information:\n\tProcess ID:\t\t0x0\n\tProcess Name:\t\t-\n\nNetwork Information:\n\tWorkstation Name:\t\n\tSource Network Address:\tfe80::a971:d247:426d:612c\n\tSource Port:\t\t49852\n\nDetailed Authentication Information:\n\tLogon Process:\t\tKerberos\n\tAuthentication Package:\tKerberos\n\tTransited Services:\t-\n\tPackage Name (NTLM only):\t-\n\tKey Length:\t\t0\n\nThis event is generated when a logon session is created. It is generated on the computer that was accessed.\n\nThe subject fields indicate the account on the local system which requested the logon. This is most commonly a service such as the Server service, or a local process such as Winlogon.exe or Services.exe.\n\nThe logon type field indicates the kind of logon that occurred. The most common types are 2 (interactive) and 3 (network).\n\nThe New Logon fields indicate the account for whom the new logon was created, i.e. the account that was logged on.\n\nThe network fields indicate where a remote logon request originated. Workstation name is not always available and may be left blank in some cases.\n\nThe impersonation level field indicates the extent to which a process in the logon session can impersonate.\n\nThe authentication information fields provide detailed information about this specific logon request.\n\t- Logon GUID is a unique identifier that can be used to correlate this event with a KDC event.\n\t- Transited services indicate which intermediate services have participated in this logon request.\n\t- Package name indicates which sub-protocol was used among the NTLM protocols.\n\t- Key length indicates the length of the generated session key. This will be 0 if no session key was requested.\n",
            "_serial": "41178",
            "_si": [
                "kraken.local",
                "botsv1"
            ],
            "_sourcetype": "WinEventLog:Security",
            "_time": "2016-08-28 16:02:18.000 MDT"
        }
    },
    {
        "preview": false,
        "offset": 41179,
        "result": {
            "Account_Domain": "WAYNECORPINC",
            "Account_Name": "we2419srv$",
            "ComputerName": "we2419srv.waynecorpinc.local",
            "Creator_Process_ID": "0xddc",
            "EventCode": "4688",
            "EventType": "0",
            "Keywords": "Audit Success",
            "LogName": "Security",
            "Logon_ID": "0x3E7",
            "Message": "A new process has been created.\n\nSubject:\n\tSecurity ID:\t\tNT AUTHORITY\\SYSTEM\n\tAccount Name:\t\twe2419srv$\n\tAccount Domain:\t\tWAYNECORPINC\n\tLogon ID:\t\t0x3E7\n\nProcess Information:\n\tNew Process ID:\t\t0xdf8\n\tNew Process Name:\tC:\\Program Files\\SplunkUniversalForwarder\\bin\\splunk-winprintmon.exe\n\tToken Elevation Type:\tTokenElevationTypeDefault (1)\n\tCreator Process ID:\t0xddc\n\tProcess Command Line:\t\"C:\\Program Files\\SplunkUniversalForwarder\\bin\\splunk-winprintmon.exe\"\n\nToken Elevation Type indicates the type of token that was assigned to the new process in accordance with User Account Control policy.\n\nType 1 is a full token with no privileges removed or groups disabled.  A full token is only used if User Account Control is disabled or if the user is the built-in Administrator account or a service account.\n\nType 2 is an elevated token with no privileges removed or groups disabled.  An elevated token is used when User Account Control is enabled and the user chooses to start the program using Run as administrator.  An elevated token is also used when an application is configured to always require administrative privilege or to always require maximum privilege, and the user is a member of the Administrators group.\n\nType 3 is a limited token with administrative privileges removed and administrative groups disabled.  The limited token is used when User Account Control is enabled, the application does not require administrative privilege, and the user does not choose to start the program using Run as administrator.",
            "New_Process_ID": "0xdf8",
            "New_Process_Name": "C:\\Program Files\\SplunkUniversalForwarder\\bin\\splunk-winprintmon.exe",
            "OpCode": "Info",
            "Process_Command_Line": "\"C:\\Program Files\\SplunkUniversalForwarder\\bin\\splunk-winprintmon.exe\"",
            "RecordNumber": "18754",
            "Security_ID": "NT AUTHORITY\\SYSTEM",
            "SourceName": "Microsoft Windows security auditing.",
            "TaskCategory": "Process Creation",
            "Token_Elevation_Type": "TokenElevationTypeDefault (1)",
            "Token_Elevation_Type_id": "1",
            "Type": "Information",
            "action": "success",
            "app": "win:unknown",
            "body": "A new process has been created.\n\nSubject:\n\tSecurity ID:\t\tNT AUTHORITY\\SYSTEM\n\tAccount Name:\t\twe2419srv$\n\tAccount Domain:\t\tWAYNECORPINC\n\tLogon ID:\t\t0x3E7\n\nProcess Information:\n\tNew Process ID:\t\t0xdf8\n\tNew Process Name:\tC:\\Program Files\\SplunkUniversalForwarder\\bin\\splunk-winprintmon.exe\n\tToken Elevation Type:\tTokenElevationTypeDefault (1)\n\tCreator Process ID:\t0xddc\n\tProcess Command Line:\t\"C:\\Program Files\\SplunkUniversalForwarder\\bin\\splunk-winprintmon.exe\"\n\nToken Elevation Type indicates the type of token that was assigned to the new process in accordance with User Account Control policy.\n\nType 1 is a full token with no privileges removed or groups disabled.  A full token is only used if User Account Control is disabled or if the user is the built-in Administrator account or a service account.\n\nType 2 is an elevated token with no privileges removed or groups disabled.  An elevated token is used when User Account Control is enabled and the user chooses to start the program using Run as administrator.  An elevated token is also used when an application is configured to always require administrative privilege or to always require maximum privilege, and the user is a member of the Administrators group.\n\nType 3 is a limited token with administrative privileges removed and administrative groups disabled.  The limited token is used when User Account Control is enabled, the application does not require administrative privilege, and the user does not choose to start the program using Run as administrator.",
            "date_hour": "22",
            "date_mday": "28",
            "date_minute": "2",
            "date_month": "august",
            "date_second": "18",
            "date_wday": "sunday",
            "date_year": "2016",
            "date_zone": "local",
            "dest": "we2419srv.waynecorpinc.local",
            "dest_nt_domain": "WAYNECORPINC",
            "dest_nt_host": "we2419srv.waynecorpinc.local",
            "dvc": "we2419srv",
            "dvc_nt_host": "we2419srv",
            "event_id": "18754",
            "eventtype": [
                "windows_process_new",
                "wineventlog_security",
                "wineventlog_windows",
                "winsec"
            ],
            "host": "we2419srv",
            "id": "18754",
            "index": "botsv1",
            "linecount": "34",
            "member_dn": "we2419srv$",
            "member_id": "NT AUTHORITY\\SYSTEM",
            "member_nt_domain": "NT AUTHORITY\\",
            "name": "A new process has been created",
            "object": "WinEventLog:Security",
            "product": "Windows",
            "punct": "//_::_==___.====..=_===_=_____.:t_:tt_\\t_:tt$t_:tt",
            "session_id": "0x3E7",
            "severity": "Information",
            "severity_id": "0",
            "signature": "A new process has been created",
            "signature_id": "4688",
            "source": "WinEventLog:Security",
            "sourcetype": "WinEventLog:Security",
            "splunk_server": "kraken.local",
            "src": "we2419srv.waynecorpinc.local",
            "src_nt_domain": "NT AUTHORITY",
            "status": "success",
            "subject": "A new process has been created",
            "tag": [
                "execute",
                "os",
                "process",
                "security",
                "start",
                "windows"
            ],
            "tag::eventtype": [
                "execute",
                "os",
                "process",
                "security",
                "start",
                "windows"
            ],
            "timeendpos": "23",
            "timestartpos": "0",
            "user": "we2419srv$",
            "vendor": "Microsoft",
            "_bkt": "botsv1~59~25FE58F7-C438-478E-AC42-625F7A4D81D6",
            "_cd": "59:234033502",
            "_eventtype_color": "none",
            "_indextime": "1473355137",
            "_pre_msg": "08/28/2016 22:02:18 PM\nLogName=Security\nSourceName=Microsoft Windows security auditing.\nEventCode=4688\nEventType=0\nType=Information\nComputerName=we2419srv.waynecorpinc.local\nTaskCategory=Process Creation\nOpCode=Info\nRecordNumber=18754\nKeywords=Audit Success",
            "_raw": "08/28/2016 22:02:18 PM\nLogName=Security\nSourceName=Microsoft Windows security auditing.\nEventCode=4688\nEventType=0\nType=Information\nComputerName=we2419srv.waynecorpinc.local\nTaskCategory=Process Creation\nOpCode=Info\nRecordNumber=18754\nKeywords=Audit Success\nMessage=A new process has been created.\n\nSubject:\n\tSecurity ID:\t\tNT AUTHORITY\\SYSTEM\n\tAccount Name:\t\twe2419srv$\n\tAccount Domain:\t\tWAYNECORPINC\n\tLogon ID:\t\t0x3E7\n\nProcess Information:\n\tNew Process ID:\t\t0xdf8\n\tNew Process Name:\tC:\\Program Files\\SplunkUniversalForwarder\\bin\\splunk-winprintmon.exe\n\tToken Elevation Type:\tTokenElevationTypeDefault (1)\n\tCreator Process ID:\t0xddc\n\tProcess Command Line:\t\"C:\\Program Files\\SplunkUniversalForwarder\\bin\\splunk-winprintmon.exe\"\n\nToken Elevation Type indicates the type of token that was assigned to the new process in accordance with User Account Control policy.\n\nType 1 is a full token with no privileges removed or groups disabled.  A full token is only used if User Account Control is disabled or if the user is the built-in Administrator account or a service account.\n\nType 2 is an elevated token with no privileges removed or groups disabled.  An elevated token is used when User Account Control is enabled and the user chooses to start the program using Run as administrator.  An elevated token is also used when an application is configured to always require administrative privilege or to always require maximum privilege, and the user is a member of the Administrators group.\n\nType 3 is a limited token with administrative privileges removed and administrative groups disabled.  The limited token is used when User Account Control is enabled, the application does not require administrative privilege, and the user does not choose to start the program using Run as administrator.\n",
            "_serial": "41179",
            "_si": [
                "kraken.local",
                "botsv1"
            ],
            "_sourcetype": "WinEventLog:Security",
            "_time": "2016-08-28 16:02:18.000 MDT"
        }
    },
    {
        "preview": false,
        "offset": 41180,
        "result": {
            "Account_Domain": "WAYNECORPINC",
            "Account_Name": "we6908srv$",
            "ComputerName": "we6908srv.waynecorpinc.local",
            "EventCode": "4689",
            "EventType": "0",
            "Exit_Status": "0x1",
            "Keywords": "Audit Success",
            "LogName": "Security",
            "Logon_ID": "0x3E7",
            "Message": "A process has exited.\n\nSubject:\n\tSecurity ID:\t\tNT AUTHORITY\\SYSTEM\n\tAccount Name:\t\twe6908srv$\n\tAccount Domain:\t\tWAYNECORPINC\n\tLogon ID:\t\t0x3E7\n\nProcess Information:\n\tProcess ID:\t0x7e0\n\tProcess Name:\tC:\\Program Files\\SplunkUniversalForwarder\\bin\\splunk-winprintmon.exe\n\tExit Status:\t0x1",
            "OpCode": "Info",
            "Process_ID": "0x7e0",
            "Process_Name": "C:\\Program Files\\SplunkUniversalForwarder\\bin\\splunk-winprintmon.exe",
            "RecordNumber": "545225",
            "Security_ID": "NT AUTHORITY\\SYSTEM",
            "SourceName": "Microsoft Windows security auditing.",
            "TaskCategory": "Process Termination",
            "Type": "Information",
            "action": "success",
            "app": "win:unknown",
            "body": "A process has exited.\n\nSubject:\n\tSecurity ID:\t\tNT AUTHORITY\\SYSTEM\n\tAccount Name:\t\twe6908srv$\n\tAccount Domain:\t\tWAYNECORPINC\n\tLogon ID:\t\t0x3E7\n\nProcess Information:\n\tProcess ID:\t0x7e0\n\tProcess Name:\tC:\\Program Files\\SplunkUniversalForwarder\\bin\\splunk-winprintmon.exe\n\tExit Status:\t0x1",
            "date_hour": "22",
            "date_mday": "28",
            "date_minute": "2",
            "date_month": "august",
            "date_second": "18",
            "date_wday": "sunday",
            "date_year": "2016",
            "date_zone": "local",
            "dest": "we6908srv.waynecorpinc.local",
            "dest_nt_domain": "WAYNECORPINC",
            "dest_nt_host": "we6908srv.waynecorpinc.local",
            "dvc": "we6908srv",
            "dvc_nt_host": "we6908srv",
            "event_id": "545225",
            "eventtype": [
                "windows_process_exit",
                "wineventlog_security",
                "wineventlog_windows",
                "winsec"
            ],
            "host": "we6908srv",
            "id": "545225",
            "index": "botsv1",
            "linecount": "24",
            "member_dn": "we6908srv$",
            "member_id": "NT AUTHORITY\\SYSTEM",
            "member_nt_domain": "NT AUTHORITY\\",
            "name": "A process has exited",
            "object": "WinEventLog:Security",
            "product": "Windows",
            "punct": "//_::_==___.====..=_===_=___.:t_:tt_\\t_:tt$t_:ttt_",
            "session_id": "0x3E7",
            "severity": "Information",
            "severity_id": "0",
            "signature": "A process has exited",
            "signature_id": "4689",
            "source": "WinEventLog:Security",
            "sourcetype": "WinEventLog:Security",
            "splunk_server": "kraken.local",
            "src": "we6908srv.waynecorpinc.local",
            "src_nt_domain": "NT AUTHORITY",
            "status": "success",
            "subject": "A process has exited",
            "tag": [
                "execute",
                "os",
                "process",
                "security",
                "stop",
                "windows"
            ],
            "tag::eventtype": [
                "execute",
                "os",
                "process",
                "security",
                "stop",
                "windows"
            ],
            "timeendpos": "23",
            "timestartpos": "0",
            "user": "we6908srv$",
            "vendor": "Microsoft",
            "_bkt": "botsv1~59~25FE58F7-C438-478E-AC42-625F7A4D81D6",
            "_cd": "59:61844184",
            "_eventtype_color": "none",
            "_indextime": "1473352449",
            "_pre_msg": "08/28/2016 22:02:18 PM\nLogName=Security\nSourceName=Microsoft Windows security auditing.\nEventCode=4689\nEventType=0\nType=Information\nComputerName=we6908srv.waynecorpinc.local\nTaskCategory=Process Termination\nOpCode=Info\nRecordNumber=545225\nKeywords=Audit Success",
            "_raw": "08/28/2016 22:02:18 PM\nLogName=Security\nSourceName=Microsoft Windows security auditing.\nEventCode=4689\nEventType=0\nType=Information\nComputerName=we6908srv.waynecorpinc.local\nTaskCategory=Process Termination\nOpCode=Info\nRecordNumber=545225\nKeywords=Audit Success\nMessage=A process has exited.\n\nSubject:\n\tSecurity ID:\t\tNT AUTHORITY\\SYSTEM\n\tAccount Name:\t\twe6908srv$\n\tAccount Domain:\t\tWAYNECORPINC\n\tLogon ID:\t\t0x3E7\n\nProcess Information:\n\tProcess ID:\t0x7e0\n\tProcess Name:\tC:\\Program Files\\SplunkUniversalForwarder\\bin\\splunk-winprintmon.exe\n\tExit Status:\t0x1\n",
            "_serial": "41180",
            "_si": [
                "kraken.local",
                "botsv1"
            ],
            "_sourcetype": "WinEventLog:Security",
            "_time": "2016-08-28 16:02:18.000 MDT"
        }
    },
    {
        "preview": false,
        "offset": 41181,
        "result": {
            "Account_Domain": "WAYNECORPINC",
            "Account_Name": "we2813srv$",
            "ComputerName": "we2813srv.waynecorpinc.local",
            "EventCode": "4689",
            "EventType": "0",
            "Exit_Status": "0x1",
            "Keywords": "Audit Success",
            "LogName": "Security",
            "Logon_ID": "0x3E7",
            "Message": "A process has exited.\n\nSubject:\n\tSecurity ID:\t\tNT AUTHORITY\\SYSTEM\n\tAccount Name:\t\twe2813srv$\n\tAccount Domain:\t\tWAYNECORPINC\n\tLogon ID:\t\t0x3E7\n\nProcess Information:\n\tProcess ID:\t0xcc0\n\tProcess Name:\tC:\\Program Files\\SplunkUniversalForwarder\\bin\\splunk-admon.exe\n\tExit Status:\t0x1",
            "OpCode": "Info",
            "Process_ID": "0xcc0",
            "Process_Name": "C:\\Program Files\\SplunkUniversalForwarder\\bin\\splunk-admon.exe",
            "RecordNumber": "25626",
            "Security_ID": "NT AUTHORITY\\SYSTEM",
            "SourceName": "Microsoft Windows security auditing.",
            "TaskCategory": "Process Termination",
            "Type": "Information",
            "action": "success",
            "app": "win:unknown",
            "body": "A process has exited.\n\nSubject:\n\tSecurity ID:\t\tNT AUTHORITY\\SYSTEM\n\tAccount Name:\t\twe2813srv$\n\tAccount Domain:\t\tWAYNECORPINC\n\tLogon ID:\t\t0x3E7\n\nProcess Information:\n\tProcess ID:\t0xcc0\n\tProcess Name:\tC:\\Program Files\\SplunkUniversalForwarder\\bin\\splunk-admon.exe\n\tExit Status:\t0x1",
            "date_hour": "22",
            "date_mday": "28",
            "date_minute": "2",
            "date_month": "august",
            "date_second": "18",
            "date_wday": "sunday",
            "date_year": "2016",
            "date_zone": "local",
            "dest": "we2813srv.waynecorpinc.local",
            "dest_nt_domain": "WAYNECORPINC",
            "dest_nt_host": "we2813srv.waynecorpinc.local",
            "dvc": "we2813srv",
            "dvc_nt_host": "we2813srv",
            "event_id": "25626",
            "eventtype": [
                "windows_process_exit",
                "wineventlog_security",
                "wineventlog_windows",
                "winsec"
            ],
            "host": "we2813srv",
            "id": "25626",
            "index": "botsv1",
            "linecount": "24",
            "member_dn": "we2813srv$",
            "member_id": "NT AUTHORITY\\SYSTEM",
            "member_nt_domain": "NT AUTHORITY\\",
            "name": "A process has exited",
            "object": "WinEventLog:Security",
            "product": "Windows",
            "punct": "//_::_==___.====..=_===_=___.:t_:tt_\\t_:tt$t_:ttt_",
            "session_id": "0x3E7",
            "severity": "Information",
            "severity_id": "0",
            "signature": "A process has exited",
            "signature_id": "4689",
            "source": "WinEventLog:Security",
            "sourcetype": "WinEventLog:Security",
            "splunk_server": "kraken.local",
            "src": "we2813srv.waynecorpinc.local",
            "src_nt_domain": "NT AUTHORITY",
            "status": "success",
            "subject": "A process has exited",
            "tag": [
                "execute",
                "os",
                "process",
                "security",
                "stop",
                "windows"
            ],
            "tag::eventtype": [
                "execute",
                "os",
                "process",
                "security",
                "stop",
                "windows"
            ],
            "timeendpos": "23",
            "timestartpos": "0",
            "user": "we2813srv$",
            "vendor": "Microsoft",
            "_bkt": "botsv1~59~25FE58F7-C438-478E-AC42-625F7A4D81D6",
            "_cd": "59:25442134",
            "_eventtype_color": "none",
            "_indextime": "1473351883",
            "_pre_msg": "08/28/2016 22:02:18 PM\nLogName=Security\nSourceName=Microsoft Windows security auditing.\nEventCode=4689\nEventType=0\nType=Information\nComputerName=we2813srv.waynecorpinc.local\nTaskCategory=Process Termination\nOpCode=Info\nRecordNumber=25626\nKeywords=Audit Success",
            "_raw": "08/28/2016 22:02:18 PM\nLogName=Security\nSourceName=Microsoft Windows security auditing.\nEventCode=4689\nEventType=0\nType=Information\nComputerName=we2813srv.waynecorpinc.local\nTaskCategory=Process Termination\nOpCode=Info\nRecordNumber=25626\nKeywords=Audit Success\nMessage=A process has exited.\n\nSubject:\n\tSecurity ID:\t\tNT AUTHORITY\\SYSTEM\n\tAccount Name:\t\twe2813srv$\n\tAccount Domain:\t\tWAYNECORPINC\n\tLogon ID:\t\t0x3E7\n\nProcess Information:\n\tProcess ID:\t0xcc0\n\tProcess Name:\tC:\\Program Files\\SplunkUniversalForwarder\\bin\\splunk-admon.exe\n\tExit Status:\t0x1\n",
            "_serial": "41181",
            "_si": [
                "kraken.local",
                "botsv1"
            ],
            "_sourcetype": "WinEventLog:Security",
            "_time": "2016-08-28 16:02:18.000 MDT"
        }
    },
    {
        "preview": false,
        "offset": 41182,
        "result": {
            "Account_Domain": [
                "WAYNECORPINC",
                "WAYNECORPINC"
            ],
            "Account_Name": [
                "we8018srv$",
                "we8018srv$"
            ],
            "ComputerName": "we8018srv.waynecorpinc.local",
            "EventCode": "4703",
            "EventType": "0",
            "Keywords": "Audit Success",
            "LogName": "Security",
            "Logon_ID": [
                "0x3E7",
                "0x3E7"
            ],
            "Message": "A user right was adjusted.\n\nSubject:\n\tSecurity ID:\t\tNT AUTHORITY\\SYSTEM\n\tAccount Name:\t\twe8018srv$\n\tAccount Domain:\t\tWAYNECORPINC\n\tLogon ID:\t\t0x3E7\n\nTarget Account:\n\tSecurity ID:\t\tNT AUTHORITY\\SYSTEM\n\tAccount Name:\t\twe8018srv$\n\tAccount Domain:\t\tWAYNECORPINC\n\tLogon ID:\t\t0x3E7\n\nProcess Information:\n\tProcess ID:\t\t0x3b8\n\tProcess Name:\t\tC:\\Windows\\System32\\svchost.exe\n\nEnabled Privileges:\n\t\t\tSeAssignPrimaryTokenPrivilege\n\t\t\tSeIncreaseQuotaPrivilege\n\t\t\tSeSecurityPrivilege\n\t\t\tSeTakeOwnershipPrivilege\n\t\t\tSeLoadDriverPrivilege\n\t\t\tSeSystemtimePrivilege\n\t\t\tSeBackupPrivilege\n\t\t\tSeRestorePrivilege\n\t\t\tSeShutdownPrivilege\n\t\t\tSeSystemEnvironmentPrivilege\n\t\t\tSeUndockPrivilege\n\t\t\tSeManageVolumePrivilege\n\nDisabled Privileges:\n\t\t\t-",
            "OpCode": "Info",
            "Process_ID": "0x3b8",
            "Process_Name": "C:\\Windows\\System32\\svchost.exe",
            "RecordNumber": "544952",
            "Security_ID": [
                "NT AUTHORITY\\SYSTEM",
                "NT AUTHORITY\\SYSTEM"
            ],
            "SourceName": "Microsoft Windows security auditing.",
            "TaskCategory": "Authorization Policy Change",
            "Type": "Information",
            "action": "success",
            "app": "win:unknown",
            "body": "A user right was adjusted.\n\nSubject:\n\tSecurity ID:\t\tNT AUTHORITY\\SYSTEM\n\tAccount Name:\t\twe8018srv$\n\tAccount Domain:\t\tWAYNECORPINC\n\tLogon ID:\t\t0x3E7\n\nTarget Account:\n\tSecurity ID:\t\tNT AUTHORITY\\SYSTEM\n\tAccount Name:\t\twe8018srv$\n\tAccount Domain:\t\tWAYNECORPINC\n\tLogon ID:\t\t0x3E7\n\nProcess Information:\n\tProcess ID:\t\t0x3b8\n\tProcess Name:\t\tC:\\Windows\\System32\\svchost.exe\n\nEnabled Privileges:\n\t\t\tSeAssignPrimaryTokenPrivilege\n\t\t\tSeIncreaseQuotaPrivilege\n\t\t\tSeSecurityPrivilege\n\t\t\tSeTakeOwnershipPrivilege\n\t\t\tSeLoadDriverPrivilege\n\t\t\tSeSystemtimePrivilege\n\t\t\tSeBackupPrivilege\n\t\t\tSeRestorePrivilege\n\t\t\tSeShutdownPrivilege\n\t\t\tSeSystemEnvironmentPrivilege\n\t\t\tSeUndockPrivilege\n\t\t\tSeManageVolumePrivilege\n\nDisabled Privileges:\n\t\t\t-",
            "date_hour": "22",
            "date_mday": "28",
            "date_minute": "2",
            "date_month": "august",
            "date_second": "17",
            "date_wday": "sunday",
            "date_year": "2016",
            "date_zone": "local",
            "dest": "we8018srv.waynecorpinc.local",
            "dest_nt_domain": "WAYNECORPINC",
            "dest_nt_host": "we8018srv.waynecorpinc.local",
            "dvc": "we8018srv",
            "dvc_nt_host": "we8018srv",
            "event_id": "544952",
            "eventtype": [
                "wineventlog_security",
                "wineventlog_windows",
                "winsec"
            ],
            "host": "we8018srv",
            "id": "544952",
            "index": "botsv1",
            "linecount": "46",
            "member_dn": "we8018srv$\nwe8018srv$",
            "member_id": "NT AUTHORITY\\SYSTEM\nNT AUTHORITY\\SYSTEM",
            "member_nt_domain": "NT AUTHORITY\\",
            "object": "WinEventLog:Security",
            "product": "Windows",
            "punct": "//_::_==___.====..=__===_=____.:t_:tt_\\t_:tt$t_:tt",
            "session_id": "0x3E7",
            "severity": "Information",
            "severity_id": "0",
            "signature_id": "4703",
            "source": "WinEventLog:Security",
            "sourcetype": "WinEventLog:Security",
            "splunk_server": "kraken.local",
            "src": "we8018srv.waynecorpinc.local",
            "src_nt_domain": "WAYNECORPINC",
            "src_user": "we8018srv$",
            "status": "success",
            "tag": [
                "os",
                "security",
                "windows"
            ],
            "tag::eventtype": [
                "os",
                "security",
                "windows"
            ],
            "timeendpos": "23",
            "timestartpos": "0",
            "user": "we8018srv$",
            "vendor": "Microsoft",
            "_bkt": "botsv1~59~25FE58F7-C438-478E-AC42-625F7A4D81D6",
            "_cd": "59:845725607",
            "_eventtype_color": "none",
            "_indextime": "1473364734",
            "_pre_msg": "08/28/2016 22:02:17 PM\nLogName=Security\nSourceName=Microsoft Windows security auditing.\nEventCode=4703\nEventType=0\nType=Information\nComputerName=we8018srv.waynecorpinc.local\nTaskCategory=Authorization Policy Change\nOpCode=Info\nRecordNumber=544952\nKeywords=Audit Success",
            "_raw": "08/28/2016 22:02:17 PM\nLogName=Security\nSourceName=Microsoft Windows security auditing.\nEventCode=4703\nEventType=0\nType=Information\nComputerName=we8018srv.waynecorpinc.local\nTaskCategory=Authorization Policy Change\nOpCode=Info\nRecordNumber=544952\nKeywords=Audit Success\nMessage=A user right was adjusted.\n\nSubject:\n\tSecurity ID:\t\tNT AUTHORITY\\SYSTEM\n\tAccount Name:\t\twe8018srv$\n\tAccount Domain:\t\tWAYNECORPINC\n\tLogon ID:\t\t0x3E7\n\nTarget Account:\n\tSecurity ID:\t\tNT AUTHORITY\\SYSTEM\n\tAccount Name:\t\twe8018srv$\n\tAccount Domain:\t\tWAYNECORPINC\n\tLogon ID:\t\t0x3E7\n\nProcess Information:\n\tProcess ID:\t\t0x3b8\n\tProcess Name:\t\tC:\\Windows\\System32\\svchost.exe\n\nEnabled Privileges:\n\t\t\tSeAssignPrimaryTokenPrivilege\n\t\t\tSeIncreaseQuotaPrivilege\n\t\t\tSeSecurityPrivilege\n\t\t\tSeTakeOwnershipPrivilege\n\t\t\tSeLoadDriverPrivilege\n\t\t\tSeSystemtimePrivilege\n\t\t\tSeBackupPrivilege\n\t\t\tSeRestorePrivilege\n\t\t\tSeShutdownPrivilege\n\t\t\tSeSystemEnvironmentPrivilege\n\t\t\tSeUndockPrivilege\n\t\t\tSeManageVolumePrivilege\n\nDisabled Privileges:\n\t\t\t-\n",
            "_serial": "41182",
            "_si": [
                "kraken.local",
                "botsv1"
            ],
            "_sourcetype": "WinEventLog:Security",
            "_time": "2016-08-28 16:02:17.000 MDT"
        }
    },
    {
        "preview": false,
        "offset": 41183,
        "result": {
            "Account_Domain": [
                "WAYNECORPINC",
                "WAYNECORPINC"
            ],
            "Account_Name": [
                "we7075srv$",
                "we7075srv$"
            ],
            "ComputerName": "we7075srv.waynecorpinc.local",
            "EventCode": "4703",
            "EventType": "0",
            "Keywords": "Audit Success",
            "LogName": "Security",
            "Logon_ID": [
                "0x3E7",
                "0x3E7"
            ],
            "Message": "A user right was adjusted.\n\nSubject:\n\tSecurity ID:\t\tNT AUTHORITY\\SYSTEM\n\tAccount Name:\t\twe7075srv$\n\tAccount Domain:\t\tWAYNECORPINC\n\tLogon ID:\t\t0x3E7\n\nTarget Account:\n\tSecurity ID:\t\tNT AUTHORITY\\SYSTEM\n\tAccount Name:\t\twe7075srv$\n\tAccount Domain:\t\tWAYNECORPINC\n\tLogon ID:\t\t0x3E7\n\nProcess Information:\n\tProcess ID:\t\t0x15c4\n\tProcess Name:\t\tC:\\Windows\\WinSxS\\amd64_microsoft-windows-servicingstack_31bf3856ad364e35_10.0.10586.486_none_7640e086266ea227\\TiWorker.exe\n\nEnabled Privileges:\n\t\t\tSeSecurityPrivilege\n\nDisabled Privileges:\n\t\t\t-",
            "OpCode": "Info",
            "Process_ID": "0x15c4",
            "Process_Name": "C:\\Windows\\WinSxS\\amd64_microsoft-windows-servicingstack_31bf3856ad364e35_10.0.10586.486_none_7640e086266ea227\\TiWorker.exe",
            "RecordNumber": "529551",
            "Security_ID": [
                "NT AUTHORITY\\SYSTEM",
                "NT AUTHORITY\\SYSTEM"
            ],
            "SourceName": "Microsoft Windows security auditing.",
            "TaskCategory": "Authorization Policy Change",
            "Type": "Information",
            "action": "success",
            "app": "win:unknown",
            "body": "A user right was adjusted.\n\nSubject:\n\tSecurity ID:\t\tNT AUTHORITY\\SYSTEM\n\tAccount Name:\t\twe7075srv$\n\tAccount Domain:\t\tWAYNECORPINC\n\tLogon ID:\t\t0x3E7\n\nTarget Account:\n\tSecurity ID:\t\tNT AUTHORITY\\SYSTEM\n\tAccount Name:\t\twe7075srv$\n\tAccount Domain:\t\tWAYNECORPINC\n\tLogon ID:\t\t0x3E7\n\nProcess Information:\n\tProcess ID:\t\t0x15c4\n\tProcess Name:\t\tC:\\Windows\\WinSxS\\amd64_microsoft-windows-servicingstack_31bf3856ad364e35_10.0.10586.486_none_7640e086266ea227\\TiWorker.exe\n\nEnabled Privileges:\n\t\t\tSeSecurityPrivilege\n\nDisabled Privileges:\n\t\t\t-",
            "date_hour": "22",
            "date_mday": "28",
            "date_minute": "2",
            "date_month": "august",
            "date_second": "17",
            "date_wday": "sunday",
            "date_year": "2016",
            "date_zone": "local",
            "dest": "we7075srv.waynecorpinc.local",
            "dest_nt_domain": "WAYNECORPINC",
            "dest_nt_host": "we7075srv.waynecorpinc.local",
            "dvc": "we7075srv",
            "dvc_nt_host": "we7075srv",
            "event_id": "529551",
            "eventtype": [
                "wineventlog_security",
                "wineventlog_windows",
                "winsec"
            ],
            "host": "we7075srv",
            "id": "529551",
            "index": "botsv1",
            "linecount": "35",
            "member_dn": "we7075srv$\nwe7075srv$",
            "member_id": "NT AUTHORITY\\SYSTEM\nNT AUTHORITY\\SYSTEM",
            "member_nt_domain": "NT AUTHORITY\\",
            "object": "WinEventLog:Security",
            "product": "Windows",
            "punct": "//_::_==___.====..=__===_=____.:t_:tt_\\t_:tt$t_:tt",
            "session_id": "0x3E7",
            "severity": "Information",
            "severity_id": "0",
            "signature_id": "4703",
            "source": "WinEventLog:Security",
            "sourcetype": "WinEventLog:Security",
            "splunk_server": "kraken.local",
            "src": "we7075srv.waynecorpinc.local",
            "src_nt_domain": "WAYNECORPINC",
            "src_user": "we7075srv$",
            "status": "success",
            "tag": [
                "os",
                "security",
                "windows"
            ],
            "tag::eventtype": [
                "os",
                "security",
                "windows"
            ],
            "timeendpos": "23",
            "timestartpos": "0",
            "user": "we7075srv$",
            "vendor": "Microsoft",
            "_bkt": "botsv1~59~25FE58F7-C438-478E-AC42-625F7A4D81D6",
            "_cd": "59:760374830",
            "_eventtype_color": "none",
            "_indextime": "1473363377",
            "_pre_msg": "08/28/2016 22:02:17 PM\nLogName=Security\nSourceName=Microsoft Windows security auditing.\nEventCode=4703\nEventType=0\nType=Information\nComputerName=we7075srv.waynecorpinc.local\nTaskCategory=Authorization Policy Change\nOpCode=Info\nRecordNumber=529551\nKeywords=Audit Success",
            "_raw": "08/28/2016 22:02:17 PM\nLogName=Security\nSourceName=Microsoft Windows security auditing.\nEventCode=4703\nEventType=0\nType=Information\nComputerName=we7075srv.waynecorpinc.local\nTaskCategory=Authorization Policy Change\nOpCode=Info\nRecordNumber=529551\nKeywords=Audit Success\nMessage=A user right was adjusted.\n\nSubject:\n\tSecurity ID:\t\tNT AUTHORITY\\SYSTEM\n\tAccount Name:\t\twe7075srv$\n\tAccount Domain:\t\tWAYNECORPINC\n\tLogon ID:\t\t0x3E7\n\nTarget Account:\n\tSecurity ID:\t\tNT AUTHORITY\\SYSTEM\n\tAccount Name:\t\twe7075srv$\n\tAccount Domain:\t\tWAYNECORPINC\n\tLogon ID:\t\t0x3E7\n\nProcess Information:\n\tProcess ID:\t\t0x15c4\n\tProcess Name:\t\tC:\\Windows\\WinSxS\\amd64_microsoft-windows-servicingstack_31bf3856ad364e35_10.0.10586.486_none_7640e086266ea227\\TiWorker.exe\n\nEnabled Privileges:\n\t\t\tSeSecurityPrivilege\n\nDisabled Privileges:\n\t\t\t-\n",
            "_serial": "41183",
            "_si": [
                "kraken.local",
                "botsv1"
            ],
            "_sourcetype": "WinEventLog:Security",
            "_time": "2016-08-28 16:02:17.000 MDT"
        }
    },
    {
        "preview": false,
        "offset": 41184,
        "result": {
            "Access_Mask": "0x100001",
            "Access_Reasons": "SYNCHRONIZE:\tGranted by\tD:(A;;0x1200a9;;;BU)",
            "Accesses": "SYNCHRONIZE",
            "Account_Domain": "WAYNECORPINC",
            "Account_Name": "Lara.Culbreth",
            "ComputerName": "we8460srv.waynecorpinc.local",
            "EventCode": "4656",
            "EventType": "0",
            "Handle_ID": "0x518",
            "Keywords": "Audit Success",
            "LogName": "Security",
            "Logon_ID": "0x4ECABD",
            "Message": "A handle to an object was requested.\n\nSubject:\n\tSecurity ID:\t\tWAYNECORPINC\\Lara.Culbreth\n\tAccount Name:\t\tLara.Culbreth\n\tAccount Domain:\t\tWAYNECORPINC\n\tLogon ID:\t\t0x4ECABD\n\nObject:\n\tObject Server:\t\tSecurity\n\tObject Type:\t\tFile\n\tObject Name:\t\tC:\\Windows\\diagnostics\\system\\Apps\n\tHandle ID:\t\t0x518\n\tResource Attributes:\t-\n\nProcess Information:\n\tProcess ID:\t\t0x348\n\tProcess Name:\t\tC:\\Windows\\System32\\cleanmgr.exe\n\nAccess Request Information:\n\tTransaction ID:\t\t{00000000-0000-0000-0000-000000000000}\n\tAccesses:\t\tSYNCHRONIZE\n\t\t\t\tReadData (or ListDirectory)\n\t\t\t\t\n\tAccess Reasons:\t\tSYNCHRONIZE:\tGranted by\tD:(A;;0x1200a9;;;BU)\n\t\t\t\tReadData (or ListDirectory):\tGranted by\tD:(A;;0x1200a9;;;BU)\n\t\t\t\t\n\tAccess Mask:\t\t0x100001\n\tPrivileges Used for Access Check:\t-\n\tRestricted SID Count:\t0",
            "Object_Name": "C:\\Windows\\diagnostics\\system\\Apps",
            "Object_Server": "Security",
            "Object_Type": "File",
            "OpCode": "Info",
            "Privileges_Used_for_Access_Check": "-",
            "Process_ID": "0x348",
            "Process_Name": "C:\\Windows\\System32\\cleanmgr.exe",
            "ReadData__or_ListDirectory_": "Granted by\tD:(A;;0x1200a9;;;BU)",
            "RecordNumber": "525118",
            "Resource_Attributes": "-",
            "Restricted_SID_Count": "0",
            "Security_ID": "WAYNECORPINC\\Lara.Culbreth",
            "SourceName": "Microsoft Windows security auditing.",
            "TaskCategory": "File System",
            "Transaction_ID": "{00000000-0000-0000-0000-000000000000}",
            "Type": "Information",
            "action": "success",
            "app": "win:unknown",
            "body": "A handle to an object was requested.\n\nSubject:\n\tSecurity ID:\t\tWAYNECORPINC\\Lara.Culbreth\n\tAccount Name:\t\tLara.Culbreth\n\tAccount Domain:\t\tWAYNECORPINC\n\tLogon ID:\t\t0x4ECABD\n\nObject:\n\tObject Server:\t\tSecurity\n\tObject Type:\t\tFile\n\tObject Name:\t\tC:\\Windows\\diagnostics\\system\\Apps\n\tHandle ID:\t\t0x518\n\tResource Attributes:\t-\n\nProcess Information:\n\tProcess ID:\t\t0x348\n\tProcess Name:\t\tC:\\Windows\\System32\\cleanmgr.exe\n\nAccess Request Information:\n\tTransaction ID:\t\t{00000000-0000-0000-0000-000000000000}\n\tAccesses:\t\tSYNCHRONIZE\n\t\t\t\tReadData (or ListDirectory)\n\t\t\t\t\n\tAccess Reasons:\t\tSYNCHRONIZE:\tGranted by\tD:(A;;0x1200a9;;;BU)\n\t\t\t\tReadData (or ListDirectory):\tGranted by\tD:(A;;0x1200a9;;;BU)\n\t\t\t\t\n\tAccess Mask:\t\t0x100001\n\tPrivileges Used for Access Check:\t-\n\tRestricted SID Count:\t0",
            "date_hour": "22",
            "date_mday": "28",
            "date_minute": "2",
            "date_month": "august",
            "date_second": "17",
            "date_wday": "sunday",
            "date_year": "2016",
            "date_zone": "local",
            "dest": "we8460srv.waynecorpinc.local",
            "dest_nt_domain": "WAYNECORPINC",
            "dest_nt_host": "we8460srv.waynecorpinc.local",
            "dvc": "we8460srv",
            "dvc_nt_host": "we8460srv",
            "event_id": "525118",
            "eventtype": [
                "windows_object_open",
                "wineventlog_security",
                "wineventlog_windows",
                "winsec"
            ],
            "host": "we8460srv",
            "id": "525118",
            "index": "botsv1",
            "linecount": "42",
            "member_dn": "Lara.Culbreth",
            "member_id": "WAYNECORPINC\\Lara.Culbreth",
            "member_nt_domain": "WAYNECORPINC\\",
            "name": "A handle to an object was requested",
            "object": "WinEventLog:Security",
            "privilege_id": "Used for Access Check:\t-",
            "product": "Windows",
            "punct": "//_::_==___.====..=_===_=______.:t_:tt\\.t_:tt.t_:t",
            "session_id": "0x4ECABD",
            "severity": "Information",
            "severity_id": "0",
            "signature": "A handle to an object was requested",
            "signature_id": "4656",
            "source": "WinEventLog:Security",
            "sourcetype": "WinEventLog:Security",
            "splunk_server": "kraken.local",
            "src": "we8460srv.waynecorpinc.local",
            "src_nt_domain": "WAYNECORPINC",
            "status": "success",
            "subject": "A handle to an object was requested",
            "tag": [
                "access",
                "file",
                "os",
                "resource",
                "security",
                "start",
                "windows"
            ],
            "tag::eventtype": [
                "access",
                "file",
                "os",
                "resource",
                "security",
                "start",
                "windows"
            ],
            "timeendpos": "23",
            "timestartpos": "0",
            "user": "Lara.Culbreth",
            "vendor": "Microsoft",
            "vendor_privilege": "Used for Access Check:\t-",
            "_bkt": "botsv1~59~25FE58F7-C438-478E-AC42-625F7A4D81D6",
            "_cd": "59:746611818",
            "_eventtype_color": "none",
            "_indextime": "1473363165",
            "_pre_msg": "08/28/2016 22:02:17 PM\nLogName=Security\nSourceName=Microsoft Windows security auditing.\nEventCode=4656\nEventType=0\nType=Information\nComputerName=we8460srv.waynecorpinc.local\nTaskCategory=File System\nOpCode=Info\nRecordNumber=525118\nKeywords=Audit Success",
            "_raw": "08/28/2016 22:02:17 PM\nLogName=Security\nSourceName=Microsoft Windows security auditing.\nEventCode=4656\nEventType=0\nType=Information\nComputerName=we8460srv.waynecorpinc.local\nTaskCategory=File System\nOpCode=Info\nRecordNumber=525118\nKeywords=Audit Success\nMessage=A handle to an object was requested.\n\nSubject:\n\tSecurity ID:\t\tWAYNECORPINC\\Lara.Culbreth\n\tAccount Name:\t\tLara.Culbreth\n\tAccount Domain:\t\tWAYNECORPINC\n\tLogon ID:\t\t0x4ECABD\n\nObject:\n\tObject Server:\t\tSecurity\n\tObject Type:\t\tFile\n\tObject Name:\t\tC:\\Windows\\diagnostics\\system\\Apps\n\tHandle ID:\t\t0x518\n\tResource Attributes:\t-\n\nProcess Information:\n\tProcess ID:\t\t0x348\n\tProcess Name:\t\tC:\\Windows\\System32\\cleanmgr.exe\n\nAccess Request Information:\n\tTransaction ID:\t\t{00000000-0000-0000-0000-000000000000}\n\tAccesses:\t\tSYNCHRONIZE\n\t\t\t\tReadData (or ListDirectory)\n\t\t\t\t\n\tAccess Reasons:\t\tSYNCHRONIZE:\tGranted by\tD:(A;;0x1200a9;;;BU)\n\t\t\t\tReadData (or ListDirectory):\tGranted by\tD:(A;;0x1200a9;;;BU)\n\t\t\t\t\n\tAccess Mask:\t\t0x100001\n\tPrivileges Used for Access Check:\t-\n\tRestricted SID Count:\t0\n",
            "_serial": "41184",
            "_si": [
                "kraken.local",
                "botsv1"
            ],
            "_sourcetype": "WinEventLog:Security",
            "_time": "2016-08-28 16:02:17.000 MDT"
        }
    },
    {
        "preview": false,
        "offset": 41185,
        "result": {
            "Account_Domain": [
                "WAYNECORPINC",
                "WAYNECORPINC"
            ],
            "Account_Name": [
                "we4837srv$",
                "we4837srv$"
            ],
            "ComputerName": "we4837srv.waynecorpinc.local",
            "EventCode": "4703",
            "EventType": "0",
            "Keywords": "Audit Success",
            "LogName": "Security",
            "Logon_ID": [
                "0x3E7",
                "0x3E7"
            ],
            "Message": "A user right was adjusted.\n\nSubject:\n\tSecurity ID:\t\tNT AUTHORITY\\SYSTEM\n\tAccount Name:\t\twe4837srv$\n\tAccount Domain:\t\tWAYNECORPINC\n\tLogon ID:\t\t0x3E7\n\nTarget Account:\n\tSecurity ID:\t\tNT AUTHORITY\\SYSTEM\n\tAccount Name:\t\twe4837srv$\n\tAccount Domain:\t\tWAYNECORPINC\n\tLogon ID:\t\t0x3E7\n\nProcess Information:\n\tProcess ID:\t\t0x3b8\n\tProcess Name:\t\tC:\\Windows\\System32\\svchost.exe\n\nEnabled Privileges:\n\t\t\tSeAssignPrimaryTokenPrivilege\n\t\t\tSeIncreaseQuotaPrivilege\n\t\t\tSeSecurityPrivilege\n\t\t\tSeTakeOwnershipPrivilege\n\t\t\tSeLoadDriverPrivilege\n\t\t\tSeSystemtimePrivilege\n\t\t\tSeBackupPrivilege\n\t\t\tSeRestorePrivilege\n\t\t\tSeShutdownPrivilege\n\t\t\tSeSystemEnvironmentPrivilege\n\t\t\tSeUndockPrivilege\n\t\t\tSeManageVolumePrivilege\n\nDisabled Privileges:\n\t\t\t-",
            "OpCode": "Info",
            "Process_ID": "0x3b8",
            "Process_Name": "C:\\Windows\\System32\\svchost.exe",
            "RecordNumber": "543971",
            "Security_ID": [
                "NT AUTHORITY\\SYSTEM",
                "NT AUTHORITY\\SYSTEM"
            ],
            "SourceName": "Microsoft Windows security auditing.",
            "TaskCategory": "Authorization Policy Change",
            "Type": "Information",
            "action": "success",
            "app": "win:unknown",
            "body": "A user right was adjusted.\n\nSubject:\n\tSecurity ID:\t\tNT AUTHORITY\\SYSTEM\n\tAccount Name:\t\twe4837srv$\n\tAccount Domain:\t\tWAYNECORPINC\n\tLogon ID:\t\t0x3E7\n\nTarget Account:\n\tSecurity ID:\t\tNT AUTHORITY\\SYSTEM\n\tAccount Name:\t\twe4837srv$\n\tAccount Domain:\t\tWAYNECORPINC\n\tLogon ID:\t\t0x3E7\n\nProcess Information:\n\tProcess ID:\t\t0x3b8\n\tProcess Name:\t\tC:\\Windows\\System32\\svchost.exe\n\nEnabled Privileges:\n\t\t\tSeAssignPrimaryTokenPrivilege\n\t\t\tSeIncreaseQuotaPrivilege\n\t\t\tSeSecurityPrivilege\n\t\t\tSeTakeOwnershipPrivilege\n\t\t\tSeLoadDriverPrivilege\n\t\t\tSeSystemtimePrivilege\n\t\t\tSeBackupPrivilege\n\t\t\tSeRestorePrivilege\n\t\t\tSeShutdownPrivilege\n\t\t\tSeSystemEnvironmentPrivilege\n\t\t\tSeUndockPrivilege\n\t\t\tSeManageVolumePrivilege\n\nDisabled Privileges:\n\t\t\t-",
            "date_hour": "22",
            "date_mday": "28",
            "date_minute": "2",
            "date_month": "august",
            "date_second": "17",
            "date_wday": "sunday",
            "date_year": "2016",
            "date_zone": "local",
            "dest": "we4837srv.waynecorpinc.local",
            "dest_nt_domain": "WAYNECORPINC",
            "dest_nt_host": "we4837srv.waynecorpinc.local",
            "dvc": "we4837srv",
            "dvc_nt_host": "we4837srv",
            "event_id": "543971",
            "eventtype": [
                "wineventlog_security",
                "wineventlog_windows",
                "winsec"
            ],
            "host": "we4837srv",
            "id": "543971",
            "index": "botsv1",
            "linecount": "46",
            "member_dn": "we4837srv$\nwe4837srv$",
            "member_id": "NT AUTHORITY\\SYSTEM\nNT AUTHORITY\\SYSTEM",
            "member_nt_domain": "NT AUTHORITY\\",
            "object": "WinEventLog:Security",
            "product": "Windows",
            "punct": "//_::_==___.====..=__===_=____.:t_:tt_\\t_:tt$t_:tt",
            "session_id": "0x3E7",
            "severity": "Information",
            "severity_id": "0",
            "signature_id": "4703",
            "source": "WinEventLog:Security",
            "sourcetype": "WinEventLog:Security",
            "splunk_server": "kraken.local",
            "src": "we4837srv.waynecorpinc.local",
            "src_nt_domain": "WAYNECORPINC",
            "src_user": "we4837srv$",
            "status": "success",
            "tag": [
                "os",
                "security",
                "windows"
            ],
            "tag::eventtype": [
                "os",
                "security",
                "windows"
            ],
            "timeendpos": "23",
            "timestartpos": "0",
            "user": "we4837srv$",
            "vendor": "Microsoft",
            "_bkt": "botsv1~59~25FE58F7-C438-478E-AC42-625F7A4D81D6",
            "_cd": "59:669618916",
            "_eventtype_color": "none",
            "_indextime": "1473361954",
            "_pre_msg": "08/28/2016 22:02:17 PM\nLogName=Security\nSourceName=Microsoft Windows security auditing.\nEventCode=4703\nEventType=0\nType=Information\nComputerName=we4837srv.waynecorpinc.local\nTaskCategory=Authorization Policy Change\nOpCode=Info\nRecordNumber=543971\nKeywords=Audit Success",
