            "_raw": "08/28/2016 22:02:17 PM\nLogName=Security\nSourceName=Microsoft Windows security auditing.\nEventCode=4703\nEventType=0\nType=Information\nComputerName=we7887srv.waynecorpinc.local\nTaskCategory=Authorization Policy Change\nOpCode=Info\nRecordNumber=542497\nKeywords=Audit Success\nMessage=A user right was adjusted.\n\nSubject:\n\tSecurity ID:\t\tNT AUTHORITY\\SYSTEM\n\tAccount Name:\t\twe7887srv$\n\tAccount Domain:\t\tWAYNECORPINC\n\tLogon ID:\t\t0x3E7\n\nTarget Account:\n\tSecurity ID:\t\tNT AUTHORITY\\SYSTEM\n\tAccount Name:\t\twe7887srv$\n\tAccount Domain:\t\tWAYNECORPINC\n\tLogon ID:\t\t0x3E7\n\nProcess Information:\n\tProcess ID:\t\t0x15c4\n\tProcess Name:\t\tC:\\Windows\\WinSxS\\amd64_microsoft-windows-servicingstack_31bf3856ad364e35_10.0.10586.486_none_7640e086266ea227\\TiWorker.exe\n\nEnabled Privileges:\n\t\t\tSeSecurityPrivilege\n\nDisabled Privileges:\n\t\t\t-\n",
            "_serial": "41193",
            "_si": [
                "kraken.local",
                "botsv1"
            ],
            "_sourcetype": "WinEventLog:Security",
            "_time": "2016-08-28 16:02:17.000 MDT"
        }
    },
    {
        "preview": false,
        "offset": 41194,
        "result": {
            "Account_Domain": [
                "-",
                "WAYNECORPINC"
            ],
            "Account_Name": [
                "-",
                "we8382srv$"
            ],
            "Authentication_Package": "Kerberos",
            "ComputerName": "we8382srv.waynecorpinc.local",
            "EventCode": "4624",
            "EventType": "0",
            "Impersonation_Level": "Impersonation",
            "Key_Length": "0",
            "Keywords": "Audit Success",
            "LogName": "Security",
            "Logon_GUID": "{07CD1F19-BEA5-63D0-FEC5-962937A38031}",
            "Logon_ID": [
                "0x0",
                "0x1E42C53"
            ],
            "Logon_Process": "Kerberos",
            "Logon_Type": "3",
            "Message": "An account was successfully logged on.\n\nSubject:\n\tSecurity ID:\t\tNULL SID\n\tAccount Name:\t\t-\n\tAccount Domain:\t\t-\n\tLogon ID:\t\t0x0\n\nLogon Type:\t\t\t3\n\nImpersonation Level:\t\tImpersonation\n\nNew Logon:\n\tSecurity ID:\t\tNT AUTHORITY\\SYSTEM\n\tAccount Name:\t\twe8382srv$\n\tAccount Domain:\t\tWAYNECORPINC\n\tLogon ID:\t\t0x1E42C53\n\tLogon GUID:\t\t{07CD1F19-BEA5-63D0-FEC5-962937A38031}\n\nProcess Information:\n\tProcess ID:\t\t0x0\n\tProcess Name:\t\t-\n\nNetwork Information:\n\tWorkstation Name:\t\n\tSource Network Address:\tfe80::a971:d247:426d:612c\n\tSource Port:\t\t51956\n\nDetailed Authentication Information:\n\tLogon Process:\t\tKerberos\n\tAuthentication Package:\tKerberos\n\tTransited Services:\t-\n\tPackage Name (NTLM only):\t-\n\tKey Length:\t\t0\n\nThis event is generated when a logon session is created. It is generated on the computer that was accessed.\n\nThe subject fields indicate the account on the local system which requested the logon. This is most commonly a service such as the Server service, or a local process such as Winlogon.exe or Services.exe.\n\nThe logon type field indicates the kind of logon that occurred. The most common types are 2 (interactive) and 3 (network).\n\nThe New Logon fields indicate the account for whom the new logon was created, i.e. the account that was logged on.\n\nThe network fields indicate where a remote logon request originated. Workstation name is not always available and may be left blank in some cases.\n\nThe impersonation level field indicates the extent to which a process in the logon session can impersonate.\n\nThe authentication information fields provide detailed information about this specific logon request.\n\t- Logon GUID is a unique identifier that can be used to correlate this event with a KDC event.\n\t- Transited services indicate which intermediate services have participated in this logon request.\n\t- Package name indicates which sub-protocol was used among the NTLM protocols.\n\t- Key length indicates the length of the generated session key. This will be 0 if no session key was requested.",
            "OpCode": "Info",
            "Package_Name__NTLM_only_": "-",
            "Process_ID": "0x0",
            "Process_Name": "-",
            "RecordNumber": "49145",
            "Security_ID": [
                "NULL SID",
                "NT AUTHORITY\\SYSTEM"
            ],
            "SourceName": "Microsoft Windows security auditing.",
            "Source_Network_Address": "fe80::a971:d247:426d:612c",
            "Source_Port": "51956",
            "TaskCategory": "Logon",
            "Transited_Services": "-",
            "Type": "Information",
            "action": "success",
            "app": "win:remote",
            "body": "An account was successfully logged on.\n\nSubject:\n\tSecurity ID:\t\tNULL SID\n\tAccount Name:\t\t-\n\tAccount Domain:\t\t-\n\tLogon ID:\t\t0x0\n\nLogon Type:\t\t\t3\n\nImpersonation Level:\t\tImpersonation\n\nNew Logon:\n\tSecurity ID:\t\tNT AUTHORITY\\SYSTEM\n\tAccount Name:\t\twe8382srv$\n\tAccount Domain:\t\tWAYNECORPINC\n\tLogon ID:\t\t0x1E42C53\n\tLogon GUID:\t\t{07CD1F19-BEA5-63D0-FEC5-962937A38031}\n\nProcess Information:\n\tProcess ID:\t\t0x0\n\tProcess Name:\t\t-\n\nNetwork Information:\n\tWorkstation Name:\t\n\tSource Network Address:\tfe80::a971:d247:426d:612c\n\tSource Port:\t\t51956\n\nDetailed Authentication Information:\n\tLogon Process:\t\tKerberos\n\tAuthentication Package:\tKerberos\n\tTransited Services:\t-\n\tPackage Name (NTLM only):\t-\n\tKey Length:\t\t0\n\nThis event is generated when a logon session is created. It is generated on the computer that was accessed.\n\nThe subject fields indicate the account on the local system which requested the logon. This is most commonly a service such as the Server service, or a local process such as Winlogon.exe or Services.exe.\n\nThe logon type field indicates the kind of logon that occurred. The most common types are 2 (interactive) and 3 (network).\n\nThe New Logon fields indicate the account for whom the new logon was created, i.e. the account that was logged on.\n\nThe network fields indicate where a remote logon request originated. Workstation name is not always available and may be left blank in some cases.\n\nThe impersonation level field indicates the extent to which a process in the logon session can impersonate.\n\nThe authentication information fields provide detailed information about this specific logon request.\n\t- Logon GUID is a unique identifier that can be used to correlate this event with a KDC event.\n\t- Transited services indicate which intermediate services have participated in this logon request.\n\t- Package name indicates which sub-protocol was used among the NTLM protocols.\n\t- Key length indicates the length of the generated session key. This will be 0 if no session key was requested.",
            "date_hour": "22",
            "date_mday": "28",
            "date_minute": "2",
            "date_month": "august",
            "date_second": "17",
            "date_wday": "sunday",
            "date_year": "2016",
            "date_zone": "local",
            "dest": "we8382srv.waynecorpinc.local",
            "dest_nt_domain": "WAYNECORPINC",
            "dest_nt_host": "we8382srv.waynecorpinc.local",
            "dvc": "we8382srv",
            "dvc_nt_host": "we8382srv",
            "event_id": "49145",
            "eventtype": [
                "windows_logon_success",
                "wineventlog_security",
                "wineventlog_windows",
                "winsec"
            ],
            "host": "we8382srv",
            "id": "49145",
            "index": "botsv1",
            "linecount": "64",
            "member_dn": "-\nwe8382srv$",
            "member_id": "NULL SID\nNT AUTHORITY\\SYSTEM",
            "member_nt_domain": "NULL SID\nNT AUTHORITY\\",
            "name": "An account was successfully logged on",
            "object": "WinEventLog:Security",
            "product": "Windows",
            "punct": "//_::_==___.====..====_=_____.:t_:tt_t_:tt-t_:tt-t",
            "session_id": "0x1E42C53",
            "severity": "Information",
            "severity_id": "0",
            "signature": "An account was successfully logged on",
            "signature_id": "4624",
            "source": "WinEventLog:Security",
            "sourcetype": "WinEventLog:Security",
            "splunk_server": "kraken.local",
            "src": "fe80::a971:d247:426d:612c",
            "src_ip": "fe80::a971:d247:426d:612c",
            "src_nt_domain": "NULL SID\nNT AUTHORITY",
            "src_port": "51956",
            "status": "success",
            "subject": "An account was successfully logged on",
            "tag": [
                "authentication",
                "os",
                "remote",
                "security",
                "windows"
            ],
            "tag::app": "remote",
            "tag::eventtype": [
                "authentication",
                "os",
                "security",
                "windows"
            ],
            "timeendpos": "23",
            "timestartpos": "0",
            "user": "we8382srv$",
            "vendor": "Microsoft",
            "_bkt": "botsv1~59~25FE58F7-C438-478E-AC42-625F7A4D81D6",
            "_cd": "59:53258006",
            "_eventtype_color": "none",
            "_indextime": "1473352316",
            "_pre_msg": "08/28/2016 22:02:17 PM\nLogName=Security\nSourceName=Microsoft Windows security auditing.\nEventCode=4624\nEventType=0\nType=Information\nComputerName=we8382srv.waynecorpinc.local\nTaskCategory=Logon\nOpCode=Info\nRecordNumber=49145\nKeywords=Audit Success",
            "_raw": "08/28/2016 22:02:17 PM\nLogName=Security\nSourceName=Microsoft Windows security auditing.\nEventCode=4624\nEventType=0\nType=Information\nComputerName=we8382srv.waynecorpinc.local\nTaskCategory=Logon\nOpCode=Info\nRecordNumber=49145\nKeywords=Audit Success\nMessage=An account was successfully logged on.\n\nSubject:\n\tSecurity ID:\t\tNULL SID\n\tAccount Name:\t\t-\n\tAccount Domain:\t\t-\n\tLogon ID:\t\t0x0\n\nLogon Type:\t\t\t3\n\nImpersonation Level:\t\tImpersonation\n\nNew Logon:\n\tSecurity ID:\t\tNT AUTHORITY\\SYSTEM\n\tAccount Name:\t\twe8382srv$\n\tAccount Domain:\t\tWAYNECORPINC\n\tLogon ID:\t\t0x1E42C53\n\tLogon GUID:\t\t{07CD1F19-BEA5-63D0-FEC5-962937A38031}\n\nProcess Information:\n\tProcess ID:\t\t0x0\n\tProcess Name:\t\t-\n\nNetwork Information:\n\tWorkstation Name:\t\n\tSource Network Address:\tfe80::a971:d247:426d:612c\n\tSource Port:\t\t51956\n\nDetailed Authentication Information:\n\tLogon Process:\t\tKerberos\n\tAuthentication Package:\tKerberos\n\tTransited Services:\t-\n\tPackage Name (NTLM only):\t-\n\tKey Length:\t\t0\n\nThis event is generated when a logon session is created. It is generated on the computer that was accessed.\n\nThe subject fields indicate the account on the local system which requested the logon. This is most commonly a service such as the Server service, or a local process such as Winlogon.exe or Services.exe.\n\nThe logon type field indicates the kind of logon that occurred. The most common types are 2 (interactive) and 3 (network).\n\nThe New Logon fields indicate the account for whom the new logon was created, i.e. the account that was logged on.\n\nThe network fields indicate where a remote logon request originated. Workstation name is not always available and may be left blank in some cases.\n\nThe impersonation level field indicates the extent to which a process in the logon session can impersonate.\n\nThe authentication information fields provide detailed information about this specific logon request.\n\t- Logon GUID is a unique identifier that can be used to correlate this event with a KDC event.\n\t- Transited services indicate which intermediate services have participated in this logon request.\n\t- Package name indicates which sub-protocol was used among the NTLM protocols.\n\t- Key length indicates the length of the generated session key. This will be 0 if no session key was requested.\n",
            "_serial": "41194",
            "_si": [
                "kraken.local",
                "botsv1"
            ],
            "_sourcetype": "WinEventLog:Security",
            "_time": "2016-08-28 16:02:17.000 MDT"
        }
    }
]